<?xml version="1.0" encoding="UTF-8"?>
<!-- Generated by org.testng.reporters.JUnitReportReporter -->
<testsuite skipped="0" hostname="LAPTOP-3D7VGU5Q" name="testScripts.LoginTest" tests="1" failures="0" timestamp="2021-01-13T20:43:27 IST" time="15.082" errors="0">
  <testcase name="verifyLoginCredentials" time="15.082" classname="testScripts.LoginTest"/>
  <system-out/>
</testsuite> <!-- testScripts.LoginTest -->
